{"/Users/evansding/Desktop/GreenOcean/PixelRPG/client/reducers/battleReducer.js": {"path":"/Users/evansding/Desktop/GreenOcean/PixelRPG/client/reducers/battleReducer.js","statementMap":{"0":{"start":{"line":3,"column":29},"end":{"line":115,"column":2}},"1":{"start":{"line":20,"column":6},"end":{"line":20,"column":34}},"2":{"start":{"line":24,"column":6},"end":{"line":24,"column":36}},"3":{"start":{"line":25,"column":6},"end":{"line":27,"column":7}},"4":{"start":{"line":25,"column":18},"end":{"line":25,"column":19}},"5":{"start":{"line":26,"column":8},"end":{"line":26,"column":38}},"6":{"start":{"line":33,"column":6},"end":{"line":33,"column":49}},"7":{"start":{"line":35,"column":6},"end":{"line":35,"column":20}},"8":{"start":{"line":38,"column":6},"end":{"line":43,"column":7}},"9":{"start":{"line":38,"column":18},"end":{"line":38,"column":19}},"10":{"start":{"line":39,"column":8},"end":{"line":42,"column":9}},"11":{"start":{"line":40,"column":10},"end":{"line":40,"column":54}},"12":{"start":{"line":41,"column":10},"end":{"line":41,"column":41}},"13":{"start":{"line":45,"column":6},"end":{"line":45,"column":42}},"14":{"start":{"line":48,"column":6},"end":{"line":51,"column":7}},"15":{"start":{"line":50,"column":8},"end":{"line":50,"column":34}},"16":{"start":{"line":61,"column":19},"end":{"line":61,"column":66}},"17":{"start":{"line":63,"column":6},"end":{"line":63,"column":58}},"18":{"start":{"line":66,"column":6},"end":{"line":66,"column":49}},"19":{"start":{"line":67,"column":6},"end":{"line":70,"column":7}},"20":{"start":{"line":68,"column":8},"end":{"line":68,"column":47}},"21":{"start":{"line":69,"column":8},"end":{"line":69,"column":44}},"22":{"start":{"line":73,"column":6},"end":{"line":73,"column":47}},"23":{"start":{"line":75,"column":6},"end":{"line":75,"column":22}},"24":{"start":{"line":76,"column":6},"end":{"line":76,"column":33}},"25":{"start":{"line":78,"column":6},"end":{"line":83,"column":7}},"26":{"start":{"line":78,"column":18},"end":{"line":78,"column":19}},"27":{"start":{"line":79,"column":8},"end":{"line":81,"column":9}},"28":{"start":{"line":80,"column":10},"end":{"line":80,"column":40}},"29":{"start":{"line":94,"column":6},"end":{"line":94,"column":23}},"30":{"start":{"line":99,"column":6},"end":{"line":99,"column":28}},"31":{"start":{"line":107,"column":6},"end":{"line":111,"column":7}},"32":{"start":{"line":107,"column":18},"end":{"line":107,"column":19}},"33":{"start":{"line":108,"column":8},"end":{"line":108,"column":39}},"34":{"start":{"line":109,"column":8},"end":{"line":109,"column":40}},"35":{"start":{"line":110,"column":8},"end":{"line":110,"column":38}},"36":{"start":{"line":117,"column":125},"end":{"line":117,"column":146}}},"fnMap":{"0":{"name":"(anonymous_0)","decl":{"start":{"line":15,"column":21},"end":{"line":15,"column":22}},"loc":{"start":{"line":15,"column":40},"end":{"line":21,"column":5}},"line":15},"1":{"name":"(anonymous_1)","decl":{"start":{"line":23,"column":20},"end":{"line":23,"column":21}},"loc":{"start":{"line":23,"column":39},"end":{"line":28,"column":5}},"line":23},"2":{"name":"(anonymous_2)","decl":{"start":{"line":30,"column":12},"end":{"line":30,"column":13}},"loc":{"start":{"line":30,"column":31},"end":{"line":56,"column":5}},"line":30},"3":{"name":"(anonymous_3)","decl":{"start":{"line":58,"column":12},"end":{"line":58,"column":13}},"loc":{"start":{"line":58,"column":31},"end":{"line":91,"column":5}},"line":58},"4":{"name":"(anonymous_4)","decl":{"start":{"line":93,"column":17},"end":{"line":93,"column":18}},"loc":{"start":{"line":93,"column":28},"end":{"line":96,"column":5}},"line":93},"5":{"name":"(anonymous_5)","decl":{"start":{"line":98,"column":22},"end":{"line":98,"column":23}},"loc":{"start":{"line":98,"column":33},"end":{"line":100,"column":5}},"line":98},"6":{"name":"(anonymous_6)","decl":{"start":{"line":102,"column":23},"end":{"line":102,"column":24}},"loc":{"start":{"line":102,"column":42},"end":{"line":104,"column":5}},"line":102},"7":{"name":"(anonymous_7)","decl":{"start":{"line":106,"column":12},"end":{"line":106,"column":13}},"loc":{"start":{"line":106,"column":23},"end":{"line":113,"column":5}},"line":106}},"branchMap":{"0":{"loc":{"start":{"line":39,"column":8},"end":{"line":42,"column":9}},"type":"if","locations":[{"start":{"line":39,"column":8},"end":{"line":42,"column":9}},{"start":{"line":39,"column":8},"end":{"line":42,"column":9}}],"line":39},"1":{"loc":{"start":{"line":48,"column":6},"end":{"line":51,"column":7}},"type":"if","locations":[{"start":{"line":48,"column":6},"end":{"line":51,"column":7}},{"start":{"line":48,"column":6},"end":{"line":51,"column":7}}],"line":48},"2":{"loc":{"start":{"line":67,"column":6},"end":{"line":70,"column":7}},"type":"if","locations":[{"start":{"line":67,"column":6},"end":{"line":70,"column":7}},{"start":{"line":67,"column":6},"end":{"line":70,"column":7}}],"line":67},"3":{"loc":{"start":{"line":79,"column":8},"end":{"line":81,"column":9}},"type":"if","locations":[{"start":{"line":79,"column":8},"end":{"line":81,"column":9}},{"start":{"line":79,"column":8},"end":{"line":81,"column":9}}],"line":79}},"s":{"0":1,"1":1,"2":1,"3":1,"4":1,"5":1,"6":1,"7":1,"8":1,"9":1,"10":1,"11":1,"12":1,"13":1,"14":1,"15":1,"16":1,"17":1,"18":1,"19":1,"20":0,"21":0,"22":1,"23":1,"24":1,"25":1,"26":1,"27":1,"28":1,"29":0,"30":0,"31":0,"32":0,"33":0,"34":0,"35":0,"36":1},"f":{"0":1,"1":1,"2":1,"3":1,"4":0,"5":0,"6":0,"7":0},"b":{"0":[1,0],"1":[1,0],"2":[0,1],"3":[1,0]},"_coverageSchema":"1a1c01bbd47fc00a2c39e90264f33305004495a9","hash":"78245949f79eddba21f09a36457ad1fe24446ff7"}
,"/Users/evansding/Desktop/GreenOcean/PixelRPG/client/reducers/modeChange.js": {"path":"/Users/evansding/Desktop/GreenOcean/PixelRPG/client/reducers/modeChange.js","statementMap":{"0":{"start":{"line":3,"column":26},"end":{"line":17,"column":2}},"1":{"start":{"line":14,"column":6},"end":{"line":14,"column":34}},"2":{"start":{"line":19,"column":30},"end":{"line":19,"column":48}}},"fnMap":{"0":{"name":"(anonymous_0)","decl":{"start":{"line":9,"column":16},"end":{"line":9,"column":17}},"loc":{"start":{"line":9,"column":35},"end":{"line":15,"column":5}},"line":9}},"branchMap":{},"s":{"0":1,"1":1,"2":1},"f":{"0":1},"b":{},"_coverageSchema":"1a1c01bbd47fc00a2c39e90264f33305004495a9","hash":"5857ca19f4d5a0afa1597e1bb3d8fd8030441d04"}
}
