{"/Users/evansding/Desktop/GreenOcean/PixelRPG/firebase.config.js": {"path":"/Users/evansding/Desktop/GreenOcean/PixelRPG/firebase.config.js","statementMap":{"0":{"start":{"line":1,"column":15},"end":{"line":10,"column":1}},"1":{"start":{"line":14,"column":0},"end":{"line":14,"column":24}}},"fnMap":{},"branchMap":{},"s":{"0":1,"1":1},"f":{},"b":{},"_coverageSchema":"1a1c01bbd47fc00a2c39e90264f33305004495a9","hash":"ff089ae521236b581b97054cbfa5191ccd33fd57"}
,"/Users/evansding/Desktop/GreenOcean/PixelRPG/client/components/IndividualCharacter.jsx": {"path":"/Users/evansding/Desktop/GreenOcean/PixelRPG/client/components/IndividualCharacter.jsx","statementMap":{"0":{"start":{"line":10,"column":14},"end":{"line":16,"column":1}},"1":{"start":{"line":19,"column":20},"end":{"line":30,"column":1}},"2":{"start":{"line":32,"column":12},"end":{"line":43,"column":1}},"3":{"start":{"line":36,"column":26},"end":{"line":36,"column":38}},"4":{"start":{"line":37,"column":21},"end":{"line":37,"column":33}},"5":{"start":{"line":38,"column":20},"end":{"line":38,"column":31}},"6":{"start":{"line":46,"column":28},"end":{"line":142,"column":1}},"7":{"start":{"line":48,"column":131},"end":{"line":48,"column":143}},"8":{"start":{"line":53,"column":26},"end":{"line":53,"column":38}},"9":{"start":{"line":54,"column":35},"end":{"line":54,"column":50}},"10":{"start":{"line":66,"column":26},"end":{"line":66,"column":35}},"11":{"start":{"line":69,"column":18},"end":{"line":99,"column":3}},"12":{"start":{"line":70,"column":4},"end":{"line":98,"column":5}},"13":{"start":{"line":71,"column":6},"end":{"line":90,"column":7}},"14":{"start":{"line":72,"column":25},"end":{"line":86,"column":10}},"15":{"start":{"line":87,"column":8},"end":{"line":87,"column":30}},"16":{"start":{"line":89,"column":8},"end":{"line":89,"column":27}},"17":{"start":{"line":92,"column":6},"end":{"line":97,"column":9}},"18":{"start":{"line":93,"column":8},"end":{"line":95,"column":9}},"19":{"start":{"line":94,"column":10},"end":{"line":94,"column":35}},"20":{"start":{"line":96,"column":8},"end":{"line":96,"column":20}},"21":{"start":{"line":102,"column":20},"end":{"line":104,"column":3}},"22":{"start":{"line":103,"column":4},"end":{"line":103,"column":20}},"23":{"start":{"line":106,"column":21},"end":{"line":108,"column":3}},"24":{"start":{"line":107,"column":4},"end":{"line":107,"column":22}},"25":{"start":{"line":112,"column":16},"end":{"line":124,"column":16}},"26":{"start":{"line":127,"column":2},"end":{"line":137,"column":3}}},"fnMap":{"0":{"name":"(anonymous_0)","decl":{"start":{"line":36,"column":17},"end":{"line":36,"column":18}},"loc":{"start":{"line":36,"column":26},"end":{"line":36,"column":38}},"line":36},"1":{"name":"(anonymous_1)","decl":{"start":{"line":37,"column":12},"end":{"line":37,"column":13}},"loc":{"start":{"line":37,"column":21},"end":{"line":37,"column":33}},"line":37},"2":{"name":"(anonymous_2)","decl":{"start":{"line":38,"column":11},"end":{"line":38,"column":12}},"loc":{"start":{"line":38,"column":20},"end":{"line":38,"column":31}},"line":38},"3":{"name":"(anonymous_3)","decl":{"start":{"line":46,"column":28},"end":{"line":46,"column":29}},"loc":{"start":{"line":46,"column":39},"end":{"line":142,"column":1}},"line":46},"4":{"name":"(anonymous_4)","decl":{"start":{"line":69,"column":18},"end":{"line":69,"column":19}},"loc":{"start":{"line":69,"column":30},"end":{"line":99,"column":3}},"line":69},"5":{"name":"(anonymous_5)","decl":{"start":{"line":92,"column":14},"end":{"line":92,"column":15}},"loc":{"start":{"line":92,"column":22},"end":{"line":97,"column":7}},"line":92},"6":{"name":"(anonymous_6)","decl":{"start":{"line":102,"column":20},"end":{"line":102,"column":21}},"loc":{"start":{"line":102,"column":26},"end":{"line":104,"column":3}},"line":102},"7":{"name":"(anonymous_7)","decl":{"start":{"line":106,"column":21},"end":{"line":106,"column":22}},"loc":{"start":{"line":106,"column":33},"end":{"line":108,"column":3}},"line":106}},"branchMap":{"0":{"loc":{"start":{"line":70,"column":4},"end":{"line":98,"column":5}},"type":"if","locations":[{"start":{"line":70,"column":4},"end":{"line":98,"column":5}},{"start":{"line":70,"column":4},"end":{"line":98,"column":5}}],"line":70},"1":{"loc":{"start":{"line":112,"column":16},"end":{"line":124,"column":16}},"type":"cond-expr","locations":[{"start":{"line":112,"column":30},"end":{"line":123,"column":4}},{"start":{"line":124,"column":5},"end":{"line":124,"column":16}}],"line":112}},"s":{"0":1,"1":1,"2":1,"3":2,"4":2,"5":2,"6":1,"7":2,"8":2,"9":2,"10":2,"11":2,"12":0,"13":0,"14":0,"15":0,"16":0,"17":0,"18":0,"19":0,"20":0,"21":2,"22":1,"23":2,"24":0,"25":2,"26":2},"f":{"0":2,"1":2,"2":2,"3":2,"4":0,"5":0,"6":1,"7":0},"b":{"0":[0,0],"1":[1,1]},"_coverageSchema":"1a1c01bbd47fc00a2c39e90264f33305004495a9","hash":"c3e022bc30839a3811b0c3e029a9dc3120c2299d"}
,"/Users/evansding/Desktop/GreenOcean/PixelRPG/client/components/PopUpInfo.jsx": {"path":"/Users/evansding/Desktop/GreenOcean/PixelRPG/client/components/PopUpInfo.jsx","statementMap":{"0":{"start":{"line":7,"column":0},"end":{"line":7,"column":65}},"1":{"start":{"line":7,"column":37},"end":{"line":7,"column":65}},"2":{"start":{"line":13,"column":18},"end":{"line":75,"column":1}},"3":{"start":{"line":15,"column":23},"end":{"line":34,"column":3}},"4":{"start":{"line":36,"column":35},"end":{"line":36,"column":49}},"5":{"start":{"line":38,"column":21},"end":{"line":42,"column":3}},"6":{"start":{"line":39,"column":4},"end":{"line":39,"column":26}},"7":{"start":{"line":40,"column":4},"end":{"line":40,"column":21}},"8":{"start":{"line":44,"column":18},"end":{"line":47,"column":3}},"9":{"start":{"line":45,"column":4},"end":{"line":45,"column":20}},"10":{"start":{"line":46,"column":4},"end":{"line":46,"column":26}},"11":{"start":{"line":49,"column":65},"end":{"line":49,"column":70}},"12":{"start":{"line":51,"column":18},"end":{"line":51,"column":91}},"13":{"start":{"line":53,"column":2},"end":{"line":73,"column":3}}},"fnMap":{"0":{"name":"(anonymous_0)","decl":{"start":{"line":13,"column":18},"end":{"line":13,"column":19}},"loc":{"start":{"line":13,"column":29},"end":{"line":75,"column":1}},"line":13},"1":{"name":"(anonymous_1)","decl":{"start":{"line":38,"column":21},"end":{"line":38,"column":22}},"loc":{"start":{"line":38,"column":27},"end":{"line":42,"column":3}},"line":38},"2":{"name":"(anonymous_2)","decl":{"start":{"line":44,"column":18},"end":{"line":44,"column":19}},"loc":{"start":{"line":44,"column":24},"end":{"line":47,"column":3}},"line":44}},"branchMap":{"0":{"loc":{"start":{"line":7,"column":0},"end":{"line":7,"column":65}},"type":"if","locations":[{"start":{"line":7,"column":0},"end":{"line":7,"column":65}},{"start":{"line":7,"column":0},"end":{"line":7,"column":65}}],"line":7},"1":{"loc":{"start":{"line":51,"column":18},"end":{"line":51,"column":91}},"type":"cond-expr","locations":[{"start":{"line":51,"column":28},"end":{"line":51,"column":77}},{"start":{"line":51,"column":80},"end":{"line":51,"column":91}}],"line":51}},"s":{"0":1,"1":0,"2":1,"3":1,"4":1,"5":1,"6":0,"7":0,"8":1,"9":0,"10":0,"11":1,"12":1,"13":1},"f":{"0":1,"1":0,"2":0},"b":{"0":[0,1],"1":[0,1]},"_coverageSchema":"1a1c01bbd47fc00a2c39e90264f33305004495a9","hash":"3542c6b1c10b8fae85243a726b1c34436015db43"}
,"/Users/evansding/Desktop/GreenOcean/PixelRPG/client/reducers/battleReducer.js": {"path":"/Users/evansding/Desktop/GreenOcean/PixelRPG/client/reducers/battleReducer.js","statementMap":{"0":{"start":{"line":3,"column":29},"end":{"line":115,"column":2}},"1":{"start":{"line":20,"column":6},"end":{"line":20,"column":34}},"2":{"start":{"line":24,"column":6},"end":{"line":24,"column":36}},"3":{"start":{"line":25,"column":6},"end":{"line":27,"column":7}},"4":{"start":{"line":25,"column":18},"end":{"line":25,"column":19}},"5":{"start":{"line":26,"column":8},"end":{"line":26,"column":38}},"6":{"start":{"line":33,"column":6},"end":{"line":33,"column":49}},"7":{"start":{"line":35,"column":6},"end":{"line":35,"column":20}},"8":{"start":{"line":38,"column":6},"end":{"line":43,"column":7}},"9":{"start":{"line":38,"column":18},"end":{"line":38,"column":19}},"10":{"start":{"line":39,"column":8},"end":{"line":42,"column":9}},"11":{"start":{"line":40,"column":10},"end":{"line":40,"column":54}},"12":{"start":{"line":41,"column":10},"end":{"line":41,"column":41}},"13":{"start":{"line":45,"column":6},"end":{"line":45,"column":42}},"14":{"start":{"line":48,"column":6},"end":{"line":51,"column":7}},"15":{"start":{"line":50,"column":8},"end":{"line":50,"column":34}},"16":{"start":{"line":61,"column":19},"end":{"line":61,"column":66}},"17":{"start":{"line":63,"column":6},"end":{"line":63,"column":58}},"18":{"start":{"line":66,"column":6},"end":{"line":66,"column":49}},"19":{"start":{"line":67,"column":6},"end":{"line":70,"column":7}},"20":{"start":{"line":68,"column":8},"end":{"line":68,"column":47}},"21":{"start":{"line":69,"column":8},"end":{"line":69,"column":44}},"22":{"start":{"line":73,"column":6},"end":{"line":73,"column":47}},"23":{"start":{"line":75,"column":6},"end":{"line":75,"column":22}},"24":{"start":{"line":76,"column":6},"end":{"line":76,"column":33}},"25":{"start":{"line":78,"column":6},"end":{"line":83,"column":7}},"26":{"start":{"line":78,"column":18},"end":{"line":78,"column":19}},"27":{"start":{"line":79,"column":8},"end":{"line":81,"column":9}},"28":{"start":{"line":80,"column":10},"end":{"line":80,"column":40}},"29":{"start":{"line":94,"column":6},"end":{"line":94,"column":23}},"30":{"start":{"line":99,"column":6},"end":{"line":99,"column":28}},"31":{"start":{"line":107,"column":6},"end":{"line":111,"column":7}},"32":{"start":{"line":107,"column":18},"end":{"line":107,"column":19}},"33":{"start":{"line":108,"column":8},"end":{"line":108,"column":39}},"34":{"start":{"line":109,"column":8},"end":{"line":109,"column":40}},"35":{"start":{"line":110,"column":8},"end":{"line":110,"column":38}},"36":{"start":{"line":117,"column":125},"end":{"line":117,"column":146}}},"fnMap":{"0":{"name":"(anonymous_0)","decl":{"start":{"line":15,"column":21},"end":{"line":15,"column":22}},"loc":{"start":{"line":15,"column":40},"end":{"line":21,"column":5}},"line":15},"1":{"name":"(anonymous_1)","decl":{"start":{"line":23,"column":20},"end":{"line":23,"column":21}},"loc":{"start":{"line":23,"column":39},"end":{"line":28,"column":5}},"line":23},"2":{"name":"(anonymous_2)","decl":{"start":{"line":30,"column":12},"end":{"line":30,"column":13}},"loc":{"start":{"line":30,"column":31},"end":{"line":56,"column":5}},"line":30},"3":{"name":"(anonymous_3)","decl":{"start":{"line":58,"column":12},"end":{"line":58,"column":13}},"loc":{"start":{"line":58,"column":31},"end":{"line":91,"column":5}},"line":58},"4":{"name":"(anonymous_4)","decl":{"start":{"line":93,"column":17},"end":{"line":93,"column":18}},"loc":{"start":{"line":93,"column":28},"end":{"line":96,"column":5}},"line":93},"5":{"name":"(anonymous_5)","decl":{"start":{"line":98,"column":22},"end":{"line":98,"column":23}},"loc":{"start":{"line":98,"column":33},"end":{"line":100,"column":5}},"line":98},"6":{"name":"(anonymous_6)","decl":{"start":{"line":102,"column":23},"end":{"line":102,"column":24}},"loc":{"start":{"line":102,"column":42},"end":{"line":104,"column":5}},"line":102},"7":{"name":"(anonymous_7)","decl":{"start":{"line":106,"column":12},"end":{"line":106,"column":13}},"loc":{"start":{"line":106,"column":23},"end":{"line":113,"column":5}},"line":106}},"branchMap":{"0":{"loc":{"start":{"line":39,"column":8},"end":{"line":42,"column":9}},"type":"if","locations":[{"start":{"line":39,"column":8},"end":{"line":42,"column":9}},{"start":{"line":39,"column":8},"end":{"line":42,"column":9}}],"line":39},"1":{"loc":{"start":{"line":48,"column":6},"end":{"line":51,"column":7}},"type":"if","locations":[{"start":{"line":48,"column":6},"end":{"line":51,"column":7}},{"start":{"line":48,"column":6},"end":{"line":51,"column":7}}],"line":48},"2":{"loc":{"start":{"line":67,"column":6},"end":{"line":70,"column":7}},"type":"if","locations":[{"start":{"line":67,"column":6},"end":{"line":70,"column":7}},{"start":{"line":67,"column":6},"end":{"line":70,"column":7}}],"line":67},"3":{"loc":{"start":{"line":79,"column":8},"end":{"line":81,"column":9}},"type":"if","locations":[{"start":{"line":79,"column":8},"end":{"line":81,"column":9}},{"start":{"line":79,"column":8},"end":{"line":81,"column":9}}],"line":79}},"s":{"0":1,"1":1,"2":1,"3":1,"4":1,"5":1,"6":1,"7":1,"8":1,"9":1,"10":1,"11":1,"12":1,"13":1,"14":1,"15":1,"16":1,"17":1,"18":1,"19":1,"20":0,"21":0,"22":1,"23":1,"24":1,"25":1,"26":1,"27":1,"28":1,"29":0,"30":0,"31":0,"32":0,"33":0,"34":0,"35":0,"36":1},"f":{"0":1,"1":1,"2":1,"3":1,"4":0,"5":0,"6":0,"7":0},"b":{"0":[1,0],"1":[1,0],"2":[0,1],"3":[1,0]},"_coverageSchema":"1a1c01bbd47fc00a2c39e90264f33305004495a9","hash":"78245949f79eddba21f09a36457ad1fe24446ff7"}
,"/Users/evansding/Desktop/GreenOcean/PixelRPG/client/reducers/modeChange.js": {"path":"/Users/evansding/Desktop/GreenOcean/PixelRPG/client/reducers/modeChange.js","statementMap":{"0":{"start":{"line":3,"column":26},"end":{"line":17,"column":2}},"1":{"start":{"line":14,"column":6},"end":{"line":14,"column":34}},"2":{"start":{"line":19,"column":30},"end":{"line":19,"column":48}}},"fnMap":{"0":{"name":"(anonymous_0)","decl":{"start":{"line":9,"column":16},"end":{"line":9,"column":17}},"loc":{"start":{"line":9,"column":35},"end":{"line":15,"column":5}},"line":9}},"branchMap":{},"s":{"0":1,"1":1,"2":1},"f":{"0":1},"b":{},"_coverageSchema":"1a1c01bbd47fc00a2c39e90264f33305004495a9","hash":"5857ca19f4d5a0afa1597e1bb3d8fd8030441d04"}
,"/Users/evansding/Desktop/GreenOcean/PixelRPG/client/styles/styles.jsx": {"path":"/Users/evansding/Desktop/GreenOcean/PixelRPG/client/styles/styles.jsx","statementMap":{"0":{"start":{"line":6,"column":20},"end":{"line":8,"column":1}},"1":{"start":{"line":10,"column":28},"end":{"line":27,"column":1}},"2":{"start":{"line":30,"column":22},"end":{"line":34,"column":1}},"3":{"start":{"line":36,"column":21},"end":{"line":40,"column":1}},"4":{"start":{"line":43,"column":20},"end":{"line":54,"column":1}},"5":{"start":{"line":56,"column":26},"end":{"line":67,"column":1}},"6":{"start":{"line":69,"column":30},"end":{"line":80,"column":1}}},"fnMap":{},"branchMap":{},"s":{"0":1,"1":1,"2":1,"3":1,"4":1,"5":1,"6":1},"f":{},"b":{},"_coverageSchema":"1a1c01bbd47fc00a2c39e90264f33305004495a9","hash":"061decf2729306ba2a0faad17809efcf3e1d72d2"}
,"/Users/evansding/Desktop/GreenOcean/PixelRPG/client/test/setupTests.js": {"path":"/Users/evansding/Desktop/GreenOcean/PixelRPG/client/test/setupTests.js","statementMap":{"0":{"start":{"line":3,"column":23},"end":{"line":15,"column":1}},"1":{"start":{"line":4,"column":63},"end":{"line":4,"column":84}},"2":{"start":{"line":5,"column":40},"end":{"line":5,"column":61}},"3":{"start":{"line":6,"column":59},"end":{"line":6,"column":80}},"4":{"start":{"line":7,"column":44},"end":{"line":7,"column":65}},"5":{"start":{"line":9,"column":4},"end":{"line":9,"column":26}},"6":{"start":{"line":13,"column":41},"end":{"line":13,"column":62}},"7":{"start":{"line":16,"column":17},"end":{"line":16,"column":46}},"8":{"start":{"line":16,"column":31},"end":{"line":16,"column":45}}},"fnMap":{"0":{"name":"(anonymous_0)","decl":{"start":{"line":4,"column":57},"end":{"line":4,"column":58}},"loc":{"start":{"line":4,"column":63},"end":{"line":4,"column":84}},"line":4},"1":{"name":"(anonymous_1)","decl":{"start":{"line":5,"column":34},"end":{"line":5,"column":35}},"loc":{"start":{"line":5,"column":40},"end":{"line":5,"column":61}},"line":5},"2":{"name":"(anonymous_2)","decl":{"start":{"line":6,"column":53},"end":{"line":6,"column":54}},"loc":{"start":{"line":6,"column":59},"end":{"line":6,"column":80}},"line":6},"3":{"name":"(anonymous_3)","decl":{"start":{"line":7,"column":38},"end":{"line":7,"column":39}},"loc":{"start":{"line":7,"column":44},"end":{"line":7,"column":65}},"line":7},"4":{"name":"(anonymous_4)","decl":{"start":{"line":8,"column":19},"end":{"line":8,"column":20}},"loc":{"start":{"line":8,"column":25},"end":{"line":10,"column":3}},"line":8},"5":{"name":"(anonymous_5)","decl":{"start":{"line":13,"column":35},"end":{"line":13,"column":36}},"loc":{"start":{"line":13,"column":41},"end":{"line":13,"column":62}},"line":13},"6":{"name":"(anonymous_6)","decl":{"start":{"line":16,"column":25},"end":{"line":16,"column":26}},"loc":{"start":{"line":16,"column":31},"end":{"line":16,"column":45}},"line":16}},"branchMap":{},"s":{"0":1,"1":0,"2":0,"3":0,"4":0,"5":0,"6":0,"7":1,"8":0},"f":{"0":0,"1":0,"2":0,"3":0,"4":0,"5":0,"6":0},"b":{},"_coverageSchema":"1a1c01bbd47fc00a2c39e90264f33305004495a9","hash":"871775bf0662309dae2ee0d60ceb1059a026f67b"}
,"/Users/evansding/Desktop/GreenOcean/PixelRPG/src/firebase.js": {"path":"/Users/evansding/Desktop/GreenOcean/PixelRPG/src/firebase.js","statementMap":{"0":{"start":{"line":6,"column":12},"end":{"line":14,"column":2}},"1":{"start":{"line":16,"column":20},"end":{"line":16,"column":30}}},"fnMap":{},"branchMap":{},"s":{"0":1,"1":1},"f":{},"b":{},"_coverageSchema":"1a1c01bbd47fc00a2c39e90264f33305004495a9","hash":"5263ea65f7077843bc86b10545570da0c0b6b768"}
,"/Users/evansding/Desktop/GreenOcean/PixelRPG/src/contexts/AuthContext.js": {"path":"/Users/evansding/Desktop/GreenOcean/PixelRPG/src/contexts/AuthContext.js","statementMap":{"0":{"start":{"line":5,"column":20},"end":{"line":5,"column":41}},"1":{"start":{"line":8,"column":2},"end":{"line":8,"column":33}},"2":{"start":{"line":12,"column":40},"end":{"line":12,"column":50}},"3":{"start":{"line":13,"column":32},"end":{"line":13,"column":46}},"4":{"start":{"line":16,"column":4},"end":{"line":24,"column":5}},"5":{"start":{"line":17,"column":23},"end":{"line":20,"column":8}},"6":{"start":{"line":21,"column":6},"end":{"line":21,"column":28}},"7":{"start":{"line":23,"column":6},"end":{"line":23,"column":25}},"8":{"start":{"line":26,"column":4},"end":{"line":26,"column":63}},"9":{"start":{"line":30,"column":4},"end":{"line":30,"column":59}},"10":{"start":{"line":34,"column":4},"end":{"line":34,"column":26}},"11":{"start":{"line":38,"column":2},"end":{"line":49,"column":8}},"12":{"start":{"line":39,"column":24},"end":{"line":47,"column":6}},"13":{"start":{"line":40,"column":6},"end":{"line":40,"column":26}},"14":{"start":{"line":41,"column":6},"end":{"line":41,"column":23}},"15":{"start":{"line":48,"column":4},"end":{"line":48,"column":23}},"16":{"start":{"line":52,"column":16},"end":{"line":57,"column":3}},"17":{"start":{"line":60,"column":2},"end":{"line":64,"column":3}}},"fnMap":{"0":{"name":"useAuth","decl":{"start":{"line":7,"column":16},"end":{"line":7,"column":23}},"loc":{"start":{"line":7,"column":26},"end":{"line":9,"column":1}},"line":7},"1":{"name":"AuthProvider","decl":{"start":{"line":11,"column":16},"end":{"line":11,"column":28}},"loc":{"start":{"line":11,"column":41},"end":{"line":65,"column":1}},"line":11},"2":{"name":"signup","decl":{"start":{"line":15,"column":17},"end":{"line":15,"column":23}},"loc":{"start":{"line":15,"column":41},"end":{"line":27,"column":3}},"line":15},"3":{"name":"login","decl":{"start":{"line":29,"column":11},"end":{"line":29,"column":16}},"loc":{"start":{"line":29,"column":34},"end":{"line":31,"column":3}},"line":29},"4":{"name":"logout","decl":{"start":{"line":33,"column":11},"end":{"line":33,"column":17}},"loc":{"start":{"line":33,"column":20},"end":{"line":35,"column":3}},"line":33},"5":{"name":"(anonymous_5)","decl":{"start":{"line":38,"column":12},"end":{"line":38,"column":13}},"loc":{"start":{"line":38,"column":18},"end":{"line":49,"column":3}},"line":38},"6":{"name":"(anonymous_6)","decl":{"start":{"line":39,"column":48},"end":{"line":39,"column":49}},"loc":{"start":{"line":39,"column":56},"end":{"line":47,"column":5}},"line":39}},"branchMap":{"0":{"loc":{"start":{"line":62,"column":7},"end":{"line":62,"column":27}},"type":"binary-expr","locations":[{"start":{"line":62,"column":7},"end":{"line":62,"column":15}},{"start":{"line":62,"column":19},"end":{"line":62,"column":27}}],"line":62}},"s":{"0":1,"1":2,"2":3,"3":3,"4":0,"5":0,"6":0,"7":0,"8":0,"9":0,"10":0,"11":3,"12":1,"13":1,"14":1,"15":1,"16":3,"17":3},"f":{"0":2,"1":3,"2":0,"3":0,"4":0,"5":1,"6":1},"b":{"0":[3,1]},"_coverageSchema":"1a1c01bbd47fc00a2c39e90264f33305004495a9","hash":"ad70380d4f5347fba90e36c4e6c5b9f796af2d7a"}
}
