TN:
SF:firebase.config.js
FNF:0
FNH:0
DA:1,1
DA:14,1
LF:2
LH:2
BRF:0
BRH:0
end_of_record
TN:
SF:client/components/IndividualCharacter.jsx
FN:36,(anonymous_0)
FN:37,(anonymous_1)
FN:38,(anonymous_2)
FN:46,(anonymous_3)
FN:69,(anonymous_4)
FN:92,(anonymous_5)
FN:102,(anonymous_6)
FN:106,(anonymous_7)
FNF:8
FNH:5
FNDA:2,(anonymous_0)
FNDA:2,(anonymous_1)
FNDA:2,(anonymous_2)
FNDA:2,(anonymous_3)
FNDA:0,(anonymous_4)
FNDA:0,(anonymous_5)
FNDA:1,(anonymous_6)
FNDA:0,(anonymous_7)
DA:10,1
DA:19,1
DA:32,1
DA:36,2
DA:37,2
DA:38,2
DA:46,1
DA:48,2
DA:53,2
DA:54,2
DA:66,2
DA:69,2
DA:70,0
DA:71,0
DA:72,0
DA:87,0
DA:89,0
DA:92,0
DA:93,0
DA:94,0
DA:96,0
DA:102,2
DA:103,1
DA:106,2
DA:107,0
DA:112,2
DA:127,2
LF:27
LH:17
BRDA:70,0,0,0
BRDA:70,0,1,0
BRDA:112,1,0,1
BRDA:112,1,1,1
BRF:4
BRH:2
end_of_record
TN:
SF:client/components/PopUpInfo.jsx
FN:13,(anonymous_0)
FN:38,(anonymous_1)
FN:44,(anonymous_2)
FNF:3
FNH:1
FNDA:1,(anonymous_0)
FNDA:0,(anonymous_1)
FNDA:0,(anonymous_2)
DA:7,1
DA:13,1
DA:15,1
DA:36,1
DA:38,1
DA:39,0
DA:40,0
DA:44,1
DA:45,0
DA:46,0
DA:49,1
DA:51,1
DA:53,1
LF:13
LH:9
BRDA:7,0,0,0
BRDA:7,0,1,1
BRDA:51,1,0,0
BRDA:51,1,1,1
BRF:4
BRH:2
end_of_record
TN:
SF:client/reducers/battleReducer.js
FN:15,(anonymous_0)
FN:23,(anonymous_1)
FN:30,(anonymous_2)
FN:58,(anonymous_3)
FN:93,(anonymous_4)
FN:98,(anonymous_5)
FN:102,(anonymous_6)
FN:106,(anonymous_7)
FNF:8
FNH:4
FNDA:1,(anonymous_0)
FNDA:1,(anonymous_1)
FNDA:1,(anonymous_2)
FNDA:1,(anonymous_3)
FNDA:0,(anonymous_4)
FNDA:0,(anonymous_5)
FNDA:0,(anonymous_6)
FNDA:0,(anonymous_7)
DA:3,1
DA:20,1
DA:24,1
DA:25,1
DA:26,1
DA:33,1
DA:35,1
DA:38,1
DA:39,1
DA:40,1
DA:41,1
DA:45,1
DA:48,1
DA:50,1
DA:61,1
DA:63,1
DA:66,1
DA:67,1
DA:68,0
DA:69,0
DA:73,1
DA:75,1
DA:76,1
DA:78,1
DA:79,1
DA:80,1
DA:94,0
DA:99,0
DA:107,0
DA:108,0
DA:109,0
DA:110,0
DA:117,1
LF:33
LH:25
BRDA:39,0,0,1
BRDA:39,0,1,0
BRDA:48,1,0,1
BRDA:48,1,1,0
BRDA:67,2,0,0
BRDA:67,2,1,1
BRDA:79,3,0,1
BRDA:79,3,1,0
BRF:8
BRH:4
end_of_record
TN:
SF:client/reducers/modeChange.js
FN:9,(anonymous_0)
FNF:1
FNH:1
FNDA:1,(anonymous_0)
DA:3,1
DA:14,1
DA:19,1
LF:3
LH:3
BRF:0
BRH:0
end_of_record
TN:
SF:client/styles/styles.jsx
FNF:0
FNH:0
DA:6,1
DA:10,1
DA:30,1
DA:36,1
DA:43,1
DA:56,1
DA:69,1
LF:7
LH:7
BRF:0
BRH:0
end_of_record
TN:
SF:src/firebase.js
FNF:0
FNH:0
DA:6,1
DA:16,1
LF:2
LH:2
BRF:0
BRH:0
end_of_record
TN:
SF:src/contexts/AuthContext.js
FN:7,useAuth
FN:11,AuthProvider
FN:15,signup
FN:29,login
FN:33,logout
FN:38,(anonymous_5)
FN:39,(anonymous_6)
FNF:7
FNH:4
FNDA:2,useAuth
FNDA:3,AuthProvider
FNDA:0,signup
FNDA:0,login
FNDA:0,logout
FNDA:1,(anonymous_5)
FNDA:1,(anonymous_6)
DA:5,1
DA:8,2
DA:12,3
DA:13,3
DA:16,0
DA:17,0
DA:21,0
DA:23,0
DA:26,0
DA:30,0
DA:34,0
DA:38,3
DA:39,1
DA:40,1
DA:41,1
DA:48,1
DA:52,3
DA:60,3
LF:18
LH:11
BRDA:62,0,0,3
BRDA:62,0,1,1
BRF:2
BRH:2
end_of_record
